PADCX_CustomViewComponent_MMZ/app/build/intermediates/manifest_merge_blame_file/debug/manifest-merger-blame-debug-report.txt
1<?xml version="1.0" encoding="utf-8"?>
2<manifest xmlns:android="http://schemas.android.com/apk/res/android"
3    package="com.padcmyanmar.padcx.padc_x_recyclerview_ypst"
4    android:versionCode="1"
5    android:versionName="1.0" >
6
7    <uses-sdk
8        android:minSdkVersion="21"
8-->src\main\AndroidManifest.xml
9        android:targetSdkVersion="29" />
9-->src\main\AndroidManifest.xml
10
11    <uses-permission android:name="android.permission.INTERNET" />
11-->src\main\AndroidManifest.xml:5:5-67
11-->src\main\AndroidManifest.xml:5:22-64
12    <uses-permission android:name="android.permission.WAKE_LOCK" />
12-->[androidx.work:work-runtime:2.3.1] AndroidManifest.xml:25:5-68
12-->[androidx.work:work-runtime:2.3.1] AndroidManifest.xml:25:22-65
13    <uses-permission android:name="android.permission.ACCESS_NETWORK_STATE" />
13-->[androidx.work:work-runtime:2.3.1] AndroidManifest.xml:26:5-79
13-->[androidx.work:work-runtime:2.3.1] AndroidManifest.xml:26:22-76
14    <uses-permission android:name="android.permission.RECEIVE_BOOT_COMPLETED" />
14-->[androidx.work:work-runtime:2.3.1] AndroidManifest.xml:27:5-81
14-->[androidx.work:work-runtime:2.3.1] AndroidManifest.xml:27:22-78
15    <uses-permission android:name="android.permission.FOREGROUND_SERVICE" />
15-->[androidx.work:work-runtime:2.3.1] AndroidManifest.xml:28:5-77
15-->[androidx.work:work-runtime:2.3.1] AndroidManifest.xml:28:22-74
16
17    <application
17-->src\main\AndroidManifest.xml:7:5-33:19
18        android:name="com.padcmyanmar.padcx.padc_x_recyclerview_ypst.NewsApp"
18-->src\main\AndroidManifest.xml:8:9-32
19        android:allowBackup="true"
19-->src\main\AndroidManifest.xml:9:9-35
20        android:appComponentFactory="androidx.core.app.CoreComponentFactory"
20-->[androidx.core:core:1.1.0] AndroidManifest.xml:24:18-86
21        android:debuggable="true"
22        android:icon="@mipmap/ic_launcher"
22-->src\main\AndroidManifest.xml:10:9-43
23        android:label="@string/app_name"
23-->src\main\AndroidManifest.xml:11:9-41
24        android:roundIcon="@mipmap/ic_launcher_round"
24-->src\main\AndroidManifest.xml:12:9-54
25        android:supportsRtl="true"
25-->src\main\AndroidManifest.xml:13:9-35
26        android:theme="@style/AppTheme"
26-->src\main\AndroidManifest.xml:14:9-40
27        android:usesCleartextTraffic="true" >
27-->src\main\AndroidManifest.xml:15:9-44
28        <activity
28-->src\main\AndroidManifest.xml:16:9-20:20
29            android:name="com.padcmyanmar.padcx.padc_x_recyclerview_ypst.activities.NewsDetailActivity"
29-->src\main\AndroidManifest.xml:17:13-58
30            android:theme="@style/AppTheme.NoActionBar.TranslucentStatusBar" >
30-->src\main\AndroidManifest.xml:18:13-77
31        </activity>
32        <activity
32-->src\main\AndroidManifest.xml:21:9-29:20
33            android:name="com.padcmyanmar.padcx.padc_x_recyclerview_ypst.activities.MainActivity"
33-->src\main\AndroidManifest.xml:22:13-52
34            android:theme="@style/AppTheme.NoActionBar" >
34-->src\main\AndroidManifest.xml:23:13-56
35            <intent-filter>
35-->src\main\AndroidManifest.xml:24:13-28:29
36                <action android:name="android.intent.action.MAIN" />
36-->src\main\AndroidManifest.xml:25:17-69
36-->src\main\AndroidManifest.xml:25:25-66
37
38                <category android:name="android.intent.category.LAUNCHER" />
38-->src\main\AndroidManifest.xml:27:17-77
38-->src\main\AndroidManifest.xml:27:27-74
39            </intent-filter>
40        </activity>
41        <activity android:name="com.padcmyanmar.padcx.padc_x_recyclerview_ypst.activities.ModifyCustomViewActivity" />
41-->src\main\AndroidManifest.xml:30:9-73
41-->src\main\AndroidManifest.xml:30:19-70
42        <activity android:name="com.padcmyanmar.padcx.padc_x_recyclerview_ypst.activities.CustomComponentActivity" />
42-->src\main\AndroidManifest.xml:31:9-72
42-->src\main\AndroidManifest.xml:31:19-69
43        <activity android:name="com.padcmyanmar.padcx.padc_x_recyclerview_ypst.activities.FanControlActivity" />
43-->src\main\AndroidManifest.xml:32:9-66
43-->src\main\AndroidManifest.xml:32:19-64
44
45        <provider
45-->[androidx.work:work-runtime:2.3.1] AndroidManifest.xml:31:9-37:35
46            android:name="androidx.work.impl.WorkManagerInitializer"
46-->[androidx.work:work-runtime:2.3.1] AndroidManifest.xml:32:13-69
47            android:authorities="com.padcmyanmar.padcx.padc_x_recyclerview_ypst.workmanager-init"
47-->[androidx.work:work-runtime:2.3.1] AndroidManifest.xml:33:13-68
48            android:directBootAware="false"
48-->[androidx.work:work-runtime:2.3.1] AndroidManifest.xml:34:13-44
49            android:exported="false"
49-->[androidx.work:work-runtime:2.3.1] AndroidManifest.xml:35:13-37
50            android:multiprocess="true" />
50-->[androidx.work:work-runtime:2.3.1] AndroidManifest.xml:36:13-40
51
52        <service
52-->[androidx.work:work-runtime:2.3.1] AndroidManifest.xml:39:9-44:35
53            android:name="androidx.work.impl.background.systemalarm.SystemAlarmService"
53-->[androidx.work:work-runtime:2.3.1] AndroidManifest.xml:40:13-88
54            android:directBootAware="false"
54-->[androidx.work:work-runtime:2.3.1] AndroidManifest.xml:41:13-44
55            android:enabled="@bool/enable_system_alarm_service_default"
55-->[androidx.work:work-runtime:2.3.1] AndroidManifest.xml:42:13-72
56            android:exported="false" />
56-->[androidx.work:work-runtime:2.3.1] AndroidManifest.xml:43:13-37
57        <service
57-->[androidx.work:work-runtime:2.3.1] AndroidManifest.xml:45:9-51:35
58            android:name="androidx.work.impl.background.systemjob.SystemJobService"
58-->[androidx.work:work-runtime:2.3.1] AndroidManifest.xml:46:13-84
59            android:directBootAware="false"
59-->[androidx.work:work-runtime:2.3.1] AndroidManifest.xml:47:13-44
60            android:enabled="@bool/enable_system_job_service_default"
60-->[androidx.work:work-runtime:2.3.1] AndroidManifest.xml:48:13-70
61            android:exported="true"
61-->[androidx.work:work-runtime:2.3.1] AndroidManifest.xml:49:13-36
62            android:permission="android.permission.BIND_JOB_SERVICE" />
62-->[androidx.work:work-runtime:2.3.1] AndroidManifest.xml:50:13-69
63        <service
63-->[androidx.work:work-runtime:2.3.1] AndroidManifest.xml:52:9-57:35
64            android:name="androidx.work.impl.foreground.SystemForegroundService"
64-->[androidx.work:work-runtime:2.3.1] AndroidManifest.xml:53:13-81
65            android:directBootAware="false"
65-->[androidx.work:work-runtime:2.3.1] AndroidManifest.xml:54:13-44
66            android:enabled="@bool/enable_system_foreground_service_default"
66-->[androidx.work:work-runtime:2.3.1] AndroidManifest.xml:55:13-77
67            android:exported="false" />
67-->[androidx.work:work-runtime:2.3.1] AndroidManifest.xml:56:13-37
68
69        <receiver
69-->[androidx.work:work-runtime:2.3.1] AndroidManifest.xml:59:9-64:35
70            android:name="androidx.work.impl.utils.ForceStopRunnable$BroadcastReceiver"
70-->[androidx.work:work-runtime:2.3.1] AndroidManifest.xml:60:13-88
71            android:directBootAware="false"
71-->[androidx.work:work-runtime:2.3.1] AndroidManifest.xml:61:13-44
72            android:enabled="true"
72-->[androidx.work:work-runtime:2.3.1] AndroidManifest.xml:62:13-35
73            android:exported="false" />
73-->[androidx.work:work-runtime:2.3.1] AndroidManifest.xml:63:13-37
74        <receiver
74-->[androidx.work:work-runtime:2.3.1] AndroidManifest.xml:65:9-75:20
75            android:name="androidx.work.impl.background.systemalarm.ConstraintProxy$BatteryChargingProxy"
75-->[androidx.work:work-runtime:2.3.1] AndroidManifest.xml:66:13-106
76            android:directBootAware="false"
76-->[androidx.work:work-runtime:2.3.1] AndroidManifest.xml:67:13-44
77            android:enabled="false"
77-->[androidx.work:work-runtime:2.3.1] AndroidManifest.xml:68:13-36
78            android:exported="false" >
78-->[androidx.work:work-runtime:2.3.1] AndroidManifest.xml:69:13-37
79            <intent-filter>
79-->[androidx.work:work-runtime:2.3.1] AndroidManifest.xml:71:13-74:29
80                <action android:name="android.intent.action.ACTION_POWER_CONNECTED" />
80-->[androidx.work:work-runtime:2.3.1] AndroidManifest.xml:72:17-87
80-->[androidx.work:work-runtime:2.3.1] AndroidManifest.xml:72:25-84
81                <action android:name="android.intent.action.ACTION_POWER_DISCONNECTED" />
81-->[androidx.work:work-runtime:2.3.1] AndroidManifest.xml:73:17-90
81-->[androidx.work:work-runtime:2.3.1] AndroidManifest.xml:73:25-87
82            </intent-filter>
83        </receiver>
84        <receiver
84-->[androidx.work:work-runtime:2.3.1] AndroidManifest.xml:76:9-86:20
85            android:name="androidx.work.impl.background.systemalarm.ConstraintProxy$BatteryNotLowProxy"
85-->[androidx.work:work-runtime:2.3.1] AndroidManifest.xml:77:13-104
86            android:directBootAware="false"
86-->[androidx.work:work-runtime:2.3.1] AndroidManifest.xml:78:13-44
87            android:enabled="false"
87-->[androidx.work:work-runtime:2.3.1] AndroidManifest.xml:79:13-36
88            android:exported="false" >
88-->[androidx.work:work-runtime:2.3.1] AndroidManifest.xml:80:13-37
89            <intent-filter>
89-->[androidx.work:work-runtime:2.3.1] AndroidManifest.xml:82:13-85:29
90                <action android:name="android.intent.action.BATTERY_OKAY" />
90-->[androidx.work:work-runtime:2.3.1] AndroidManifest.xml:83:17-77
90-->[androidx.work:work-runtime:2.3.1] AndroidManifest.xml:83:25-74
91                <action android:name="android.intent.action.BATTERY_LOW" />
91-->[androidx.work:work-runtime:2.3.1] AndroidManifest.xml:84:17-76
91-->[androidx.work:work-runtime:2.3.1] AndroidManifest.xml:84:25-73
92            </intent-filter>
93        </receiver>
94        <receiver
94-->[androidx.work:work-runtime:2.3.1] AndroidManifest.xml:87:9-97:20
95            android:name="androidx.work.impl.background.systemalarm.ConstraintProxy$StorageNotLowProxy"
95-->[androidx.work:work-runtime:2.3.1] AndroidManifest.xml:88:13-104
96            android:directBootAware="false"
96-->[androidx.work:work-runtime:2.3.1] AndroidManifest.xml:89:13-44
97            android:enabled="false"
97-->[androidx.work:work-runtime:2.3.1] AndroidManifest.xml:90:13-36
98            android:exported="false" >
98-->[androidx.work:work-runtime:2.3.1] AndroidManifest.xml:91:13-37
99            <intent-filter>
99-->[androidx.work:work-runtime:2.3.1] AndroidManifest.xml:93:13-96:29
100                <action android:name="android.intent.action.DEVICE_STORAGE_LOW" />
100-->[androidx.work:work-runtime:2.3.1] AndroidManifest.xml:94:17-83
100-->[androidx.work:work-runtime:2.3.1] AndroidManifest.xml:94:25-80
101                <action android:name="android.intent.action.DEVICE_STORAGE_OK" />
101-->[androidx.work:work-runtime:2.3.1] AndroidManifest.xml:95:17-82
101-->[androidx.work:work-runtime:2.3.1] AndroidManifest.xml:95:25-79
102            </intent-filter>
103        </receiver>
104        <receiver
104-->[androidx.work:work-runtime:2.3.1] AndroidManifest.xml:98:9-107:20
105            android:name="androidx.work.impl.background.systemalarm.ConstraintProxy$NetworkStateProxy"
105-->[androidx.work:work-runtime:2.3.1] AndroidManifest.xml:99:13-103
106            android:directBootAware="false"
106-->[androidx.work:work-runtime:2.3.1] AndroidManifest.xml:100:13-44
107            android:enabled="false"
107-->[androidx.work:work-runtime:2.3.1] AndroidManifest.xml:101:13-36
108            android:exported="false" >
108-->[androidx.work:work-runtime:2.3.1] AndroidManifest.xml:102:13-37
109            <intent-filter>
109-->[androidx.work:work-runtime:2.3.1] AndroidManifest.xml:104:13-106:29
110                <action android:name="android.net.conn.CONNECTIVITY_CHANGE" />
110-->[androidx.work:work-runtime:2.3.1] AndroidManifest.xml:105:17-79
110-->[androidx.work:work-runtime:2.3.1] AndroidManifest.xml:105:25-76
111            </intent-filter>
112        </receiver>
113        <receiver
113-->[androidx.work:work-runtime:2.3.1] AndroidManifest.xml:108:9-119:20
114            android:name="androidx.work.impl.background.systemalarm.RescheduleReceiver"
114-->[androidx.work:work-runtime:2.3.1] AndroidManifest.xml:109:13-88
115            android:directBootAware="false"
115-->[androidx.work:work-runtime:2.3.1] AndroidManifest.xml:110:13-44
116            android:enabled="false"
116-->[androidx.work:work-runtime:2.3.1] AndroidManifest.xml:111:13-36
117            android:exported="false" >
117-->[androidx.work:work-runtime:2.3.1] AndroidManifest.xml:112:13-37
118            <intent-filter>
118-->[androidx.work:work-runtime:2.3.1] AndroidManifest.xml:114:13-118:29
119                <action android:name="android.intent.action.BOOT_COMPLETED" />
119-->[androidx.work:work-runtime:2.3.1] AndroidManifest.xml:115:17-79
119-->[androidx.work:work-runtime:2.3.1] AndroidManifest.xml:115:25-76
120                <action android:name="android.intent.action.TIME_SET" />
120-->[androidx.work:work-runtime:2.3.1] AndroidManifest.xml:116:17-73
120-->[androidx.work:work-runtime:2.3.1] AndroidManifest.xml:116:25-70
121                <action android:name="android.intent.action.TIMEZONE_CHANGED" />
121-->[androidx.work:work-runtime:2.3.1] AndroidManifest.xml:117:17-81
121-->[androidx.work:work-runtime:2.3.1] AndroidManifest.xml:117:25-78
122            </intent-filter>
123        </receiver>
124        <receiver
124-->[androidx.work:work-runtime:2.3.1] AndroidManifest.xml:120:9-129:20
125            android:name="androidx.work.impl.background.systemalarm.ConstraintProxyUpdateReceiver"
125-->[androidx.work:work-runtime:2.3.1] AndroidManifest.xml:121:13-99
126            android:directBootAware="false"
126-->[androidx.work:work-runtime:2.3.1] AndroidManifest.xml:122:13-44
127            android:enabled="@bool/enable_system_alarm_service_default"
127-->[androidx.work:work-runtime:2.3.1] AndroidManifest.xml:123:13-72
128            android:exported="false" >
128-->[androidx.work:work-runtime:2.3.1] AndroidManifest.xml:124:13-37
129            <intent-filter>
129-->[androidx.work:work-runtime:2.3.1] AndroidManifest.xml:126:13-128:29
130                <action android:name="androidx.work.impl.background.systemalarm.UpdateProxies" />
130-->[androidx.work:work-runtime:2.3.1] AndroidManifest.xml:127:17-98
130-->[androidx.work:work-runtime:2.3.1] AndroidManifest.xml:127:25-95
131            </intent-filter>
132        </receiver>
133
134        <service
134-->[androidx.room:room-runtime:2.2.3] AndroidManifest.xml:25:9-27:40
135            android:name="androidx.room.MultiInstanceInvalidationService"
135-->[androidx.room:room-runtime:2.2.3] AndroidManifest.xml:26:13-74
136            android:exported="false" />
136-->[androidx.room:room-runtime:2.2.3] AndroidManifest.xml:27:13-37
137
138        <provider
138-->[androidx.lifecycle:lifecycle-process:2.0.0] AndroidManifest.xml:23:9-27:43
139            android:name="androidx.lifecycle.ProcessLifecycleOwnerInitializer"
139-->[androidx.lifecycle:lifecycle-process:2.0.0] AndroidManifest.xml:24:13-79
140            android:authorities="com.padcmyanmar.padcx.padc_x_recyclerview_ypst.lifecycle-process"
140-->[androidx.lifecycle:lifecycle-process:2.0.0] AndroidManifest.xml:25:13-69
141            android:exported="false"
141-->[androidx.lifecycle:lifecycle-process:2.0.0] AndroidManifest.xml:26:13-37
142            android:multiprocess="true" />
142-->[androidx.lifecycle:lifecycle-process:2.0.0] AndroidManifest.xml:27:13-40
143    </application>
144
145</manifest>